Base path: C:/Program Files (x86)/Unity/Editor/Data
Pipe name: \\.\pipe\UnityShaderCompiler-64bit-1-4524
Cmd: getPlatforms
Cmd: preprocess
  insize=2550 outsize=788 ok=1
Cmd: compileSnippet
  api=4 type=0 insize=1866 outsize=1006 kw= ok=1
Cmd: compileSnippet
  api=4 type=1 insize=1866 outsize=1574 kw= ok=1
Cmd: compileSnippet
  api=4 type=0 insize=1873 outsize=1006 kw= ok=1
Cmd: compileSnippet
  api=4 type=1 insize=1873 outsize=1574 kw= ok=1
Cmd: compileSnippet
  api=4 type=0 insize=1869 outsize=1006 kw= ok=1
Cmd: compileSnippet
  api=4 type=1 insize=1869 outsize=2046 kw= ok=1
Cmd: compileSnippet
  api=4 type=0 insize=1878 outsize=1006 kw= ok=1
Cmd: compileSnippet
  api=4 type=1 insize=1878 outsize=2046 kw= ok=1
Cmd: preprocess
  insize=12314 outsize=3018 ok=1
Cmd: compileSnippet
  api=4 type=0 insize=5215 outsize=2793 kw=DIRECTIONAL SHADOWS_OFF LIGHTMAP_OFF DIRLIGHTMAP_OFF DYNAMICLIGHTMAP_OFF ok=1
Cmd: compileSnippet
  api=4 type=1 insize=5215 outsize=6734 kw=DIRECTIONAL SHADOWS_OFF LIGHTMAP_OFF DIRLIGHTMAP_OFF DYNAMICLIGHTMAP_OFF ok=1
Cmd: compileSnippet
  api=4 type=0 insize=4760 outsize=3248 kw=POINT SHADOWS_OFF ok=1
Cmd: compileSnippet
  api=4 type=1 insize=4760 outsize=5808 kw=POINT SHADOWS_OFF ok=1
Cmd: preprocess
  insize=933 outsize=346 ok=1
Cmd: compileSnippet
  api=4 type=0 insize=889 outsize=1006 kw= ok=1
Cmd: compileSnippet
  api=4 type=1 insize=889 outsize=1656 kw= ok=1
Cmd: preprocess
  insize=5268 outsize=854 ok=1
Cmd: compileSnippet
  api=4 type=0 insize=4321 outsize=1006 kw= ok=1
Cmd: compileSnippet
  api=4 type=1 insize=4321 outsize=1477 kw= ok=1
Cmd: compileSnippet
  api=4 type=0 insize=4324 outsize=1006 kw= ok=1
Cmd: compileSnippet
  api=4 type=1 insize=4324 outsize=1899 kw= ok=1
Cmd: compileSnippet
  api=4 type=0 insize=4327 outsize=1006 kw= ok=1
Cmd: compileSnippet
  api=4 type=1 insize=4327 outsize=1509 kw= ok=1
Cmd: compileSnippet
  api=4 type=0 insize=4330 outsize=1006 kw= ok=1
Cmd: compileSnippet
  api=4 type=1 insize=4330 outsize=1956 kw= ok=1
Cmd: compileSnippet
  api=4 type=0 insize=4347 outsize=1006 kw= ok=1
Cmd: compileSnippet
  api=4 type=1 insize=4347 outsize=4191 kw= ok=1
Cmd: compileSnippet
  api=4 type=0 insize=4350 outsize=1006 kw= ok=1
Cmd: compileSnippet
  api=4 type=1 insize=4350 outsize=5239 kw= ok=1
Cmd: preprocess
  insize=10019 outsize=2661 ok=1
Cmd: compileSnippet
  api=4 type=0 insize=4116 outsize=3971 kw=DIRECTIONAL SHADOWS_OFF LIGHTMAP_OFF DIRLIGHTMAP_OFF DYNAMICLIGHTMAP_OFF ok=1
Cmd: compileSnippet
  api=4 type=1 insize=4116 outsize=3809 kw=DIRECTIONAL SHADOWS_OFF LIGHTMAP_OFF DIRLIGHTMAP_OFF DYNAMICLIGHTMAP_OFF ok=1
Cmd: compileSnippet
  api=4 type=0 insize=3920 outsize=3248 kw=POINT SHADOWS_OFF ok=1
Cmd: compileSnippet
  api=4 type=1 insize=3920 outsize=4101 kw=POINT SHADOWS_OFF ok=1
Cmd: preprocess
  insize=238 outsize=238 ok=1
Cmd: preprocess
  insize=2438 outsize=909 ok=1
Cmd: compileSnippet
  api=4 type=0 insize=1831 outsize=1713 kw= ok=1
Cmd: compileSnippet
  api=4 type=1 insize=1831 outsize=1306 kw= ok=1
Cmd: preprocess
  insize=699 outsize=379 ok=1
Cmd: compileSnippet
  api=4 type=0 insize=622 outsize=1006 kw= ok=1
Cmd: compileSnippet
  api=4 type=1 insize=622 outsize=1136 kw= ok=1
Cmd: preprocess
  insize=1653 outsize=525 ok=1
Cmd: compileSnippet
  api=4 type=0 insize=1430 outsize=1404 kw= ok=1
Cmd: compileSnippet
  api=4 type=1 insize=1430 outsize=1753 kw= ok=1
Cmd: preprocess
  insize=14607 outsize=6164 ok=1
Cmd: compileSnippet
  api=4 type=0 insize=4575 outsize=2793 kw=DIRECTIONAL SHADOWS_OFF LIGHTMAP_OFF DIRLIGHTMAP_OFF DYNAMICLIGHTMAP_OFF ok=1
Cmd: compileSnippet
  api=4 type=1 insize=4575 outsize=3248 kw=DIRECTIONAL SHADOWS_OFF LIGHTMAP_OFF DIRLIGHTMAP_OFF DYNAMICLIGHTMAP_OFF ok=1
Cmd: compileSnippet
  api=4 type=0 insize=4547 outsize=3248 kw=POINT SHADOWS_OFF ok=1
Cmd: compileSnippet
  api=4 type=1 insize=4547 outsize=3484 kw=POINT SHADOWS_OFF ok=1
Cmd: preprocess
  insize=803 outsize=389 ok=1
Cmd: compileSnippet
  api=4 type=0 insize=715 outsize=1006 kw= ok=1
Cmd: compileSnippet
  api=4 type=1 insize=715 outsize=1022 kw= ok=1
Cmd: preprocess
  insize=1673 outsize=530 ok=1
Cmd: compileSnippet
  api=4 type=0 insize=1378 outsize=1006 kw= ok=1
Cmd: compileSnippet
  api=4 type=1 insize=1378 outsize=1591 kw= ok=1
Cmd: compileSnippet
  api=4 type=0 insize=1387 outsize=1006 kw= ok=1
Cmd: compileSnippet
  api=4 type=1 insize=1387 outsize=2574 kw= ok=1
Cmd: preprocess
  insize=2433 outsize=510 ok=1
Cmd: compileSnippet
  api=4 type=0 insize=2224 outsize=2094 kw= ok=1
Cmd: compileSnippet
  api=4 type=1 insize=2224 outsize=1648 kw= ok=1
Cmd: preprocess
  insize=1880 outsize=585 ok=1
Cmd: compileSnippet
  api=4 type=0 insize=1597 outsize=1006 kw= ok=1
Cmd: compileSnippet
  api=4 type=1 insize=1597 outsize=2866 kw= ok=1
Cmd: preprocess
  insize=18151 outsize=5890 ok=1
Cmd: compileSnippet
  api=4 type=0 insize=7598 outsize=3045 kw=DIRECTIONAL SHADOWS_OFF LIGHTMAP_OFF DIRLIGHTMAP_OFF DYNAMICLIGHTMAP_OFF ok=1
Cmd: compileSnippet
  api=4 type=1 insize=7598 outsize=7043 kw=DIRECTIONAL SHADOWS_OFF LIGHTMAP_OFF DIRLIGHTMAP_OFF DYNAMICLIGHTMAP_OFF ok=1
Cmd: compileSnippet
  api=4 type=0 insize=5342 outsize=3500 kw=POINT SHADOWS_OFF ok=1
Cmd: compileSnippet
  api=4 type=1 insize=5342 outsize=6766 kw=POINT SHADOWS_OFF ok=1
Cmd: preprocess
  insize=1013 outsize=438 ok=1
Cmd: compileSnippet
  api=4 type=0 insize=876 outsize=1006 kw= ok=1
Cmd: compileSnippet
  api=4 type=1 insize=876 outsize=2736 kw= ok=1
Cmd: preprocess
  insize=2060 outsize=511 ok=1
Cmd: compileSnippet
  api=4 type=0 insize=1851 outsize=1713 kw= ok=1
Cmd: compileSnippet
  api=4 type=1 insize=1851 outsize=1306 kw= ok=1
Cmd: preprocess
  insize=5749 outsize=3036 ok=1
Cmd: compileSnippet
  api=4 type=0 insize=3049 outsize=1006 kw=DIRECTIONAL SHADOWS_OFF LIGHTMAP_OFF DIRLIGHTMAP_OFF DYNAMICLIGHTMAP_OFF ok=1
Cmd: compileSnippet
  api=4 type=1 insize=3049 outsize=3817 kw=DIRECTIONAL SHADOWS_OFF LIGHTMAP_OFF DIRLIGHTMAP_OFF DYNAMICLIGHTMAP_OFF ok=1
Cmd: preprocess
  insize=775 outsize=374 ok=1
Cmd: compileSnippet
  api=4 type=0 insize=703 outsize=1006 kw= ok=1
Cmd: compileSnippet
  api=4 type=1 insize=703 outsize=916 kw= ok=1
Cmd: preprocess
  insize=1431 outsize=349 ok=1
Cmd: compileSnippet
  api=4 type=0 insize=1384 outsize=1006 kw= ok=1
Cmd: compileSnippet
  api=4 type=1 insize=1384 outsize=2062 kw= ok=1
Cmd: preprocess
  insize=516 outsize=516 ok=1
Cmd: preprocess
  insize=1440 outsize=507 ok=1
Cmd: compileSnippet
  api=4 type=0 insize=1171 outsize=1006 kw= ok=1
Cmd: compileSnippet
  api=4 type=1 insize=1171 outsize=1493 kw= ok=1
Cmd: compileSnippet
  api=4 type=0 insize=1177 outsize=1006 kw= ok=1
Cmd: compileSnippet
  api=4 type=1 insize=1177 outsize=1769 kw= ok=1
Cmd: preprocess
  insize=3287 outsize=1916 ok=1
Cmd: compileSnippet
  api=4 type=0 insize=1706 outsize=2273 kw=DIRECTIONAL SHADOWS_OFF LIGHTMAP_OFF DIRLIGHTMAP_OFF DYNAMICLIGHTMAP_OFF ok=1
Cmd: compileSnippet
  api=4 type=1 insize=1706 outsize=981 kw=DIRECTIONAL SHADOWS_OFF LIGHTMAP_OFF DIRLIGHTMAP_OFF DYNAMICLIGHTMAP_OFF ok=1
Cmd: preprocess
  insize=2462 outsize=2459 ok=1
Cmd: preprocess
  insize=7468 outsize=2839 ok=1
Cmd: compileSnippet
  api=4 type=0 insize=2669 outsize=1745 kw=DIRECTIONAL SHADOWS_OFF LIGHTMAP_OFF DIRLIGHTMAP_OFF DYNAMICLIGHTMAP_OFF ok=1
Cmd: compileSnippet
  api=4 type=1 insize=2669 outsize=1997 kw=DIRECTIONAL SHADOWS_OFF LIGHTMAP_OFF DIRLIGHTMAP_OFF DYNAMICLIGHTMAP_OFF ok=1
Cmd: compileSnippet
  api=4 type=0 insize=2635 outsize=2200 kw=POINT SHADOWS_OFF ok=1
Cmd: compileSnippet
  api=4 type=1 insize=2635 outsize=2233 kw=POINT SHADOWS_OFF ok=1
Cmd: preprocess
  insize=1225 outsize=470 ok=1
Cmd: compileSnippet
  api=4 type=0 insize=1057 outsize=1006 kw= ok=1
Cmd: compileSnippet
  api=4 type=1 insize=1057 outsize=1420 kw= ok=1
Cmd: preprocess
  insize=10783 outsize=3590 ok=1
Cmd: compileSnippet
  api=4 type=0 insize=2709 outsize=1745 kw=DIRECTIONAL SHADOWS_OFF LIGHTMAP_OFF DIRLIGHTMAP_OFF DYNAMICLIGHTMAP_OFF ok=1
Cmd: compileSnippet
  api=4 type=1 insize=2709 outsize=2135 kw=DIRECTIONAL SHADOWS_OFF LIGHTMAP_OFF DIRLIGHTMAP_OFF DYNAMICLIGHTMAP_OFF ok=1
Cmd: compileSnippet
  api=4 type=0 insize=2675 outsize=2200 kw=POINT SHADOWS_OFF ok=1
Cmd: compileSnippet
  api=4 type=1 insize=2675 outsize=2371 kw=POINT SHADOWS_OFF ok=1
Cmd: compileSnippet
  api=4 type=0 insize=1537 outsize=1388 kw=SHADOWS_DEPTH ok=1
Cmd: compileSnippet
  api=4 type=1 insize=1537 outsize=957 kw=SHADOWS_DEPTH ok=1
Cmd: preprocess
  insize=1289 outsize=456 ok=1
Cmd: compileSnippet
  api=4 type=0 insize=1135 outsize=1006 kw= ok=1
Cmd: compileSnippet
  api=4 type=1 insize=1135 outsize=1786 kw= ok=1
Cmd: preprocess
  insize=31762 outsize=5585 ok=1
Cmd: compileSnippet
  api=4 type=0 insize=8508 outsize=1128 kw=DIRECTIONAL SHADOWS_OFF LIGHTMAP_OFF DIRLIGHTMAP_OFF DYNAMICLIGHTMAP_OFF ok=1
Cmd: compileSnippet
  api=4 type=1 insize=8508 outsize=5393 kw=DIRECTIONAL SHADOWS_OFF LIGHTMAP_OFF DIRLIGHTMAP_OFF DYNAMICLIGHTMAP_OFF ok=1
Cmd: compileSnippet
  error: 1 plat 4 at (106): Output value 'hullconst' is not completely initialized\nCompiling Hull program with DIRECTIONAL SHADOWS_OFF LIGHTMAP_OFF DIRLIGHTMAP_OFF DYNAMICLIGHTMAP_OFF
  api=4 type=2 insize=8508 outsize=2419 kw=DIRECTIONAL SHADOWS_OFF LIGHTMAP_OFF DIRLIGHTMAP_OFF DYNAMICLIGHTMAP_OFF ok=1
Cmd: compileSnippet
  api=4 type=3 insize=8508 outsize=5986 kw=DIRECTIONAL SHADOWS_OFF LIGHTMAP_OFF DIRLIGHTMAP_OFF DYNAMICLIGHTMAP_OFF ok=1
Cmd: compileSnippet
  api=4 type=0 insize=8524 outsize=1128 kw=POINT SHADOWS_OFF ok=1
Cmd: compileSnippet
  api=4 type=1 insize=8524 outsize=5669 kw=POINT SHADOWS_OFF ok=1
Cmd: compileSnippet
  error: 1 plat 4 at (270): Output value 'hullconst' is not completely initialized\nCompiling Hull program with POINT SHADOWS_OFF
  api=4 type=2 insize=8524 outsize=2419 kw=POINT SHADOWS_OFF ok=1
Cmd: compileSnippet
  api=4 type=3 insize=8524 outsize=6409 kw=POINT SHADOWS_OFF ok=1
Cmd: compileSnippet
  api=4 type=0 insize=5271 outsize=1128 kw=SHADOWS_DEPTH ok=1
Cmd: compileSnippet
  api=4 type=1 insize=5271 outsize=583 kw=SHADOWS_DEPTH ok=1
Cmd: compileSnippet
  error: 1 plat 4 at (540): Output value 'hullconst' is not completely initialized\nCompiling Hull program with SHADOWS_DEPTH
  api=4 type=2 insize=5271 outsize=2419 kw=SHADOWS_DEPTH ok=1
Cmd: compileSnippet
  api=4 type=3 insize=5271 outsize=4792 kw=SHADOWS_DEPTH ok=1
Cmd: preprocess
  insize=2943 outsize=958 ok=1
Cmd: compileSnippet
  api=4 type=0 insize=2289 outsize=2094 kw= ok=1
Cmd: compileSnippet
  api=4 type=1 insize=2289 outsize=1607 kw= ok=1
Cmd: preprocess
  insize=13018 outsize=3372 ok=1
Cmd: compileSnippet
  api=4 type=0 insize=5151 outsize=2948 kw=DIRECTIONAL SHADOWS_OFF LIGHTMAP_OFF DIRLIGHTMAP_OFF DYNAMICLIGHTMAP_OFF ok=1
Cmd: compileSnippet
  api=4 type=1 insize=5151 outsize=5019 kw=DIRECTIONAL SHADOWS_OFF LIGHTMAP_OFF DIRLIGHTMAP_OFF DYNAMICLIGHTMAP_OFF ok=1
Cmd: compileSnippet
  api=4 type=0 insize=5174 outsize=3403 kw=POINT SHADOWS_OFF ok=1
Cmd: compileSnippet
  api=4 type=1 insize=5174 outsize=4711 kw=POINT SHADOWS_OFF ok=1
Cmd: preprocess
  insize=1010 outsize=389 ok=1
Cmd: compileSnippet
  api=4 type=0 insize=922 outsize=1006 kw= ok=1
Cmd: compileSnippet
  api=4 type=1 insize=922 outsize=1412 kw= ok=1
Cmd: preprocess
  insize=2568 outsize=956 ok=1
Cmd: compileSnippet
  api=4 type=0 insize=1914 outsize=1713 kw= ok=1
Cmd: compileSnippet
  api=4 type=1 insize=1914 outsize=1266 kw= ok=1
Cmd: preprocess
  insize=1093 outsize=561 ok=1
Cmd: compileSnippet
  api=4 type=0 insize=834 outsize=1006 kw= ok=1
Cmd: compileSnippet
  api=4 type=1 insize=834 outsize=1428 kw= ok=1
Cmd: preprocess
  insize=17660 outsize=4852 ok=1
Cmd: compileSnippet
  api=4 type=0 insize=5316 outsize=4638 kw=DIRECTIONAL SHADOWS_OFF LIGHTMAP_OFF DIRLIGHTMAP_OFF DYNAMICLIGHTMAP_OFF ok=1
Cmd: compileSnippet
  api=4 type=1 insize=5316 outsize=5028 kw=DIRECTIONAL SHADOWS_OFF LIGHTMAP_OFF DIRLIGHTMAP_OFF DYNAMICLIGHTMAP_OFF ok=1
Cmd: compileSnippet
  api=4 type=0 insize=4984 outsize=3882 kw=POINT SHADOWS_OFF ok=1
Cmd: compileSnippet
  api=4 type=1 insize=4984 outsize=5174 kw=POINT SHADOWS_OFF ok=1
Cmd: compileSnippet
  api=4 type=0 insize=1888 outsize=2411 kw=SHADOWS_DEPTH ok=1
Cmd: compileSnippet
  api=4 type=1 insize=1888 outsize=575 kw=SHADOWS_DEPTH ok=1
Cmd: preprocess
  insize=697 outsize=341 ok=1
Cmd: compileSnippet
  api=4 type=0 insize=658 outsize=1006 kw= ok=1
Cmd: compileSnippet
  api=4 type=1 insize=658 outsize=835 kw= ok=1
Cmd: preprocess
  insize=1335 outsize=505 ok=1
Cmd: compileSnippet
  api=4 type=0 insize=1068 outsize=1006 kw= ok=1
Cmd: compileSnippet
  api=4 type=1 insize=1068 outsize=933 kw= ok=1
Cmd: compileSnippet
  api=4 type=0 insize=1074 outsize=1006 kw= ok=1
Cmd: compileSnippet
  api=4 type=1 insize=1074 outsize=1371 kw= ok=1
Cmd: preprocess
  insize=1892 outsize=609 ok=1
Cmd: compileSnippet
  api=4 type=0 insize=1435 outsize=1006 kw= ok=1
Cmd: compileSnippet
  api=4 type=1 insize=1435 outsize=1396 kw= ok=1
Cmd: compileSnippet
  api=4 type=0 insize=1435 outsize=1006 kw= ok=1
Cmd: compileSnippet
  api=4 type=1 insize=1435 outsize=1396 kw= ok=1
Cmd: compileSnippet
  api=4 type=0 insize=1460 outsize=1006 kw= ok=1
Cmd: compileSnippet
  api=4 type=1 insize=1460 outsize=1396 kw= ok=1
Cmd: preprocess
  insize=1552 outsize=893 ok=1
Cmd: compileSnippet
  api=4 type=0 insize=961 outsize=1209 kw= ok=1
Cmd: compileSnippet
  api=4 type=1 insize=961 outsize=811 kw= ok=1
Cmd: preprocess
  insize=2813 outsize=909 ok=1
Cmd: compileSnippet
  api=4 type=0 insize=2206 outsize=2094 kw= ok=1
Cmd: compileSnippet
  api=4 type=1 insize=2206 outsize=1648 kw= ok=1
Cmd: preprocess
  insize=10149 outsize=2793 ok=1
Cmd: compileSnippet
  api=4 type=0 insize=4055 outsize=2793 kw=DIRECTIONAL SHADOWS_OFF LIGHTMAP_OFF DIRLIGHTMAP_OFF DYNAMICLIGHTMAP_OFF ok=1
Cmd: compileSnippet
  api=4 type=1 insize=4055 outsize=4914 kw=DIRECTIONAL SHADOWS_OFF LIGHTMAP_OFF DIRLIGHTMAP_OFF DYNAMICLIGHTMAP_OFF ok=1
Cmd: compileSnippet
  api=4 type=0 insize=3978 outsize=3248 kw=POINT SHADOWS_OFF ok=1
Cmd: compileSnippet
  api=4 type=1 insize=3978 outsize=4402 kw=POINT SHADOWS_OFF ok=1
Cmd: preprocess
  insize=726 outsize=362 ok=1
Cmd: compileSnippet
  api=4 type=0 insize=666 outsize=1006 kw= ok=1
Cmd: compileSnippet
  api=4 type=1 insize=666 outsize=1054 kw= ok=1
Cmd: preprocess
  insize=5590 outsize=3227 ok=1
Cmd: compileSnippet
  api=4 type=0 insize=2699 outsize=2923 kw=DIRECTIONAL SHADOWS_OFF LIGHTMAP_OFF DIRLIGHTMAP_OFF DYNAMICLIGHTMAP_OFF ok=1
Cmd: compileSnippet
  api=4 type=1 insize=2699 outsize=2419 kw=DIRECTIONAL SHADOWS_OFF LIGHTMAP_OFF DIRLIGHTMAP_OFF DYNAMICLIGHTMAP_OFF ok=1
Cmd: preprocess
  insize=2029 outsize=956 ok=1
Cmd: compileSnippet
  api=4 type=0 insize=1375 outsize=1404 kw= ok=1
Cmd: compileSnippet
  api=4 type=1 insize=1375 outsize=1144 kw= ok=1
Cmd: preprocess
  insize=1221 outsize=633 ok=1
Cmd: compileSnippet
  api=4 type=0 insize=889 outsize=1006 kw= ok=1
Cmd: compileSnippet
  api=4 type=1 insize=889 outsize=1071 kw= ok=1
Cmd: preprocess
  insize=8198 outsize=3216 ok=1
Cmd: compileSnippet
  api=4 type=0 insize=2845 outsize=1745 kw=DIRECTIONAL SHADOWS_OFF LIGHTMAP_OFF DIRLIGHTMAP_OFF DYNAMICLIGHTMAP_OFF ok=1
Cmd: compileSnippet
  api=4 type=1 insize=2845 outsize=2265 kw=DIRECTIONAL SHADOWS_OFF LIGHTMAP_OFF DIRLIGHTMAP_OFF DYNAMICLIGHTMAP_OFF ok=1
Cmd: compileSnippet
  api=4 type=0 insize=2811 outsize=2200 kw=POINT SHADOWS_OFF ok=1
Cmd: compileSnippet
  api=4 type=1 insize=2811 outsize=2501 kw=POINT SHADOWS_OFF ok=1
Cmd: preprocess
  insize=1508 outsize=511 ok=1
Cmd: compileSnippet
  api=4 type=0 insize=1299 outsize=1404 kw= ok=1
Cmd: compileSnippet
  api=4 type=1 insize=1299 outsize=1184 kw= ok=1
Cmd: preprocess
  insize=3042 outsize=2110 ok=1
Cmd: compileSnippet
  api=4 type=0 insize=7955 outsize=4784 kw=DIRECTIONAL SHADOWS_OFF LIGHTMAP_OFF DIRLIGHTMAP_OFF DYNAMICLIGHTMAP_OFF ok=1
Cmd: compileSnippet
  api=4 type=1 insize=7955 outsize=3264 kw=DIRECTIONAL SHADOWS_OFF LIGHTMAP_OFF DIRLIGHTMAP_OFF DYNAMICLIGHTMAP_OFF ok=1
Cmd: compileSnippet
  api=4 type=0 insize=5258 outsize=3866 kw=POINT ok=1
Cmd: compileSnippet
  api=4 type=1 insize=5258 outsize=3817 kw=POINT ok=1
Cmd: compileSnippet
  api=4 type=0 insize=4559 outsize=4166 kw= ok=1
Cmd: compileSnippet
  api=4 type=1 insize=4559 outsize=1412 kw= ok=1
Cmd: compileSnippet
  api=4 type=0 insize=7669 outsize=3663 kw=DIRECTIONAL SHADOWS_OFF LIGHTMAP_OFF DIRLIGHTMAP_OFF DYNAMICLIGHTMAP_OFF ok=1
Cmd: compileSnippet
  api=4 type=1 insize=7669 outsize=2403 kw=DIRECTIONAL SHADOWS_OFF LIGHTMAP_OFF DIRLIGHTMAP_OFF DYNAMICLIGHTMAP_OFF ok=1
Cmd: compileSnippet
  api=4 type=0 insize=4363 outsize=2753 kw=POINT ok=1
Cmd: compileSnippet
  api=4 type=1 insize=4363 outsize=3004 kw=POINT ok=1
Cmd: compileSnippet
  api=4 type=0 insize=3703 outsize=2103 kw= ok=1
Cmd: compileSnippet
  api=4 type=1 insize=3703 outsize=1266 kw= ok=1
Cmd: preprocess
  insize=14669 outsize=6225 ok=1
Cmd: compileSnippet
  api=4 type=0 insize=4575 outsize=2793 kw=DIRECTIONAL SHADOWS_OFF LIGHTMAP_OFF DIRLIGHTMAP_OFF DYNAMICLIGHTMAP_OFF ok=1
Cmd: compileSnippet
  api=4 type=1 insize=4575 outsize=3248 kw=DIRECTIONAL SHADOWS_OFF LIGHTMAP_OFF DIRLIGHTMAP_OFF DYNAMICLIGHTMAP_OFF ok=1
Cmd: compileSnippet
  api=4 type=0 insize=4547 outsize=3248 kw=POINT SHADOWS_OFF ok=1
Cmd: compileSnippet
  api=4 type=1 insize=4547 outsize=3484 kw=POINT SHADOWS_OFF ok=1
Cmd: preprocess
  insize=961 outsize=497 ok=1
Cmd: compileSnippet
  api=4 type=0 insize=766 outsize=1006 kw= ok=1
Cmd: compileSnippet
  api=4 type=1 insize=766 outsize=998 kw= ok=1
Cmd: preprocess
  insize=1046 outsize=416 ok=1
Cmd: compileSnippet
  api=4 type=0 insize=931 outsize=1006 kw= ok=1
Cmd: compileSnippet
  api=4 type=1 insize=931 outsize=2070 kw= ok=1
Cmd: preprocess
  insize=821 outsize=340 ok=1
Cmd: compileSnippet
  api=4 type=0 insize=782 outsize=1006 kw= ok=1
Cmd: compileSnippet
  api=4 type=1 insize=782 outsize=1225 kw= ok=1
Cmd: preprocess
  insize=986 outsize=403 ok=1
Cmd: compileSnippet
  api=4 type=0 insize=885 outsize=1006 kw= ok=1
Cmd: compileSnippet
  api=4 type=1 insize=885 outsize=1574 kw= ok=1
Cmd: preprocess
  insize=6057 outsize=1767 ok=1
Cmd: compileSnippet
  api=4 type=0 insize=2461 outsize=1745 kw=DIRECTIONAL SHADOWS_OFF LIGHTMAP_OFF DIRLIGHTMAP_OFF DYNAMICLIGHTMAP_OFF ok=1
Cmd: compileSnippet
  api=4 type=1 insize=2461 outsize=1639 kw=DIRECTIONAL SHADOWS_OFF LIGHTMAP_OFF DIRLIGHTMAP_OFF DYNAMICLIGHTMAP_OFF ok=1
Cmd: compileSnippet
  api=4 type=0 insize=2504 outsize=2200 kw=POINT SHADOWS_OFF ok=1
Cmd: compileSnippet
  api=4 type=1 insize=2504 outsize=1932 kw=POINT SHADOWS_OFF ok=1
Cmd: preprocess
  insize=11250 outsize=3370 ok=1
Cmd: compileSnippet
  api=4 type=0 insize=4501 outsize=2793 kw=DIRECTIONAL SHADOWS_OFF LIGHTMAP_OFF DIRLIGHTMAP_OFF DYNAMICLIGHTMAP_OFF ok=1
Cmd: compileSnippet
  api=4 type=1 insize=4501 outsize=4808 kw=DIRECTIONAL SHADOWS_OFF LIGHTMAP_OFF DIRLIGHTMAP_OFF DYNAMICLIGHTMAP_OFF ok=1
Cmd: compileSnippet
  api=4 type=0 insize=4058 outsize=3248 kw=POINT SHADOWS_OFF ok=1
Cmd: compileSnippet
  api=4 type=1 insize=4058 outsize=4264 kw=POINT SHADOWS_OFF ok=1
Cmd: preprocess
  insize=9778 outsize=2939 ok=1
Cmd: compileSnippet
  api=4 type=0 insize=5749 outsize=1006 kw= ok=1
Cmd: compileSnippet
  api=4 type=1 insize=5749 outsize=998 kw= ok=1
Cmd: compileSnippet
  api=4 type=0 insize=5751 outsize=1006 kw= ok=1
Cmd: compileSnippet
  api=4 type=1 insize=5751 outsize=957 kw= ok=1
Cmd: compileSnippet
  api=4 type=0 insize=5752 outsize=1006 kw= ok=1
Cmd: compileSnippet
  api=4 type=1 insize=5752 outsize=1176 kw= ok=1
Cmd: compileSnippet
  api=4 type=0 insize=5753 outsize=1006 kw= ok=1
Cmd: compileSnippet
  api=4 type=1 insize=5753 outsize=1079 kw= ok=1
Cmd: compileSnippet
  api=4 type=0 insize=5754 outsize=1006 kw= ok=1
Cmd: compileSnippet
  api=4 type=1 insize=5754 outsize=1233 kw= ok=1
Cmd: compileSnippet
  api=4 type=0 insize=5750 outsize=1006 kw= ok=1
Cmd: compileSnippet
  api=4 type=1 insize=5750 outsize=998 kw= ok=1
Cmd: compileSnippet
  api=4 type=0 insize=5749 outsize=1006 kw= ok=1
Cmd: compileSnippet
  api=4 type=1 insize=5749 outsize=1225 kw= ok=1
Cmd: compileSnippet
  api=4 type=0 insize=5753 outsize=1006 kw= ok=1
Cmd: compileSnippet
  api=4 type=1 insize=5753 outsize=1087 kw= ok=1
Cmd: compileSnippet
  api=4 type=0 insize=5746 outsize=1006 kw= ok=1
Cmd: compileSnippet
  api=4 type=1 insize=5746 outsize=876 kw= ok=1
Cmd: compileSnippet
  api=4 type=0 insize=5755 outsize=1006 kw= ok=1
Cmd: compileSnippet
  api=4 type=1 insize=5755 outsize=1233 kw= ok=1
Cmd: compileSnippet
  api=4 type=0 insize=5750 outsize=1006 kw= ok=1
Cmd: compileSnippet
  api=4 type=1 insize=5750 outsize=1875 kw= ok=1
Cmd: compileSnippet
  api=4 type=0 insize=5789 outsize=1006 kw= ok=1
Cmd: compileSnippet
  api=4 type=1 insize=5789 outsize=2062 kw= ok=1
Cmd: compileSnippet
  api=4 type=0 insize=5752 outsize=1006 kw= ok=1
Cmd: compileSnippet
  api=4 type=1 insize=5752 outsize=1875 kw= ok=1
Cmd: compileSnippet
  api=4 type=0 insize=5753 outsize=1006 kw= ok=1
Cmd: compileSnippet
  api=4 type=1 insize=5753 outsize=1916 kw= ok=1
Cmd: compileSnippet
  api=4 type=0 insize=5754 outsize=1006 kw= ok=1
Cmd: compileSnippet
  api=4 type=1 insize=5754 outsize=1713 kw= ok=1
Cmd: compileSnippet
  api=4 type=0 insize=5751 outsize=1006 kw= ok=1
Cmd: compileSnippet
  api=4 type=1 insize=5751 outsize=1664 kw= ok=1
Cmd: compileSnippet
  api=4 type=0 insize=5750 outsize=1006 kw= ok=1
Cmd: compileSnippet
  api=4 type=1 insize=5750 outsize=1168 kw= ok=1
Cmd: compileSnippet
  api=4 type=0 insize=5753 outsize=1006 kw= ok=1
Cmd: compileSnippet
  api=4 type=1 insize=5753 outsize=1014 kw= ok=1
Cmd: compileSnippet
  api=4 type=0 insize=5752 outsize=1006 kw= ok=1
Cmd: compileSnippet
  api=4 type=1 insize=5752 outsize=1160 kw= ok=1
Cmd: compileSnippet
  api=4 type=0 insize=5751 outsize=1006 kw= ok=1
Cmd: compileSnippet
  api=4 type=1 insize=5751 outsize=1006 kw= ok=1
Cmd: compileSnippet
  api=4 type=0 insize=5749 outsize=1006 kw= ok=1
Cmd: compileSnippet
  api=4 type=1 insize=5749 outsize=998 kw= ok=1
Cmd: preprocess
  insize=669 outsize=342 ok=1
Cmd: compileSnippet
  api=4 type=0 insize=629 outsize=1006 kw= ok=1
Cmd: compileSnippet
  api=4 type=1 insize=629 outsize=941 kw= ok=1
Cmd: preprocess
  insize=1889 outsize=909 ok=1
Cmd: compileSnippet
  api=4 type=0 insize=1282 outsize=1404 kw= ok=1
Cmd: compileSnippet
  api=4 type=1 insize=1282 outsize=1184 kw= ok=1
Cmd: preprocess
  insize=2580 outsize=527 ok=1
Cmd: compileSnippet
  api=4 type=0 insize=2357 outsize=2094 kw= ok=1
Cmd: compileSnippet
  api=4 type=1 insize=2357 outsize=2273 kw= ok=1
Cmd: preprocess
  insize=469 outsize=469 ok=1
Cmd: preprocess
  insize=1574 outsize=702 ok=1
Cmd: compileSnippet
  api=4 type=0 insize=1174 outsize=1477 kw= ok=1
Cmd: compileSnippet
  api=4 type=1 insize=1174 outsize=1087 kw= ok=1
Cmd: preprocess
  insize=8999 outsize=3479 ok=1
Cmd: compileSnippet
  api=4 type=0 insize=1229 outsize=957 kw=SHADOWS_DEPTH ok=1
Cmd: compileSnippet
  api=4 type=1 insize=1229 outsize=510 kw=SHADOWS_DEPTH ok=1
Cmd: compileSnippet
  api=4 type=0 insize=2669 outsize=1745 kw=DIRECTIONAL SHADOWS_OFF LIGHTMAP_OFF DIRLIGHTMAP_OFF DYNAMICLIGHTMAP_OFF ok=1
Cmd: compileSnippet
  api=4 type=1 insize=2669 outsize=1997 kw=DIRECTIONAL SHADOWS_OFF LIGHTMAP_OFF DIRLIGHTMAP_OFF DYNAMICLIGHTMAP_OFF ok=1
Cmd: compileSnippet
  api=4 type=0 insize=2637 outsize=2200 kw=POINT SHADOWS_OFF ok=1
Cmd: compileSnippet
  api=4 type=1 insize=2637 outsize=2233 kw=POINT SHADOWS_OFF ok=1
Cmd: preprocess
  insize=20958 outsize=4768 ok=1
Cmd: compileSnippet
  api=4 type=0 insize=7304 outsize=3752 kw=DIRECTIONAL SHADOWS_OFF LIGHTMAP_OFF DIRLIGHTMAP_OFF DYNAMICLIGHTMAP_OFF ok=1
Cmd: compileSnippet
  api=4 type=1 insize=7304 outsize=4792 kw=DIRECTIONAL SHADOWS_OFF LIGHTMAP_OFF DIRLIGHTMAP_OFF DYNAMICLIGHTMAP_OFF ok=1
Cmd: compileSnippet
  api=4 type=0 insize=5280 outsize=4174 kw=POINT SHADOWS_OFF ok=1
Cmd: compileSnippet
  api=4 type=1 insize=5280 outsize=5076 kw=POINT SHADOWS_OFF ok=1
Cmd: compileSnippet
  api=4 type=0 insize=2437 outsize=2655 kw=SHADOWS_DEPTH ok=1
Cmd: compileSnippet
  api=4 type=1 insize=2437 outsize=1063 kw=SHADOWS_DEPTH ok=1
Cmd: preprocess
  insize=11331 outsize=4297 ok=1
Cmd: compileSnippet
  api=4 type=0 insize=1125 outsize=941 kw=SHADOWS_DEPTH ok=1
Cmd: compileSnippet
  api=4 type=1 insize=1125 outsize=453 kw=SHADOWS_DEPTH ok=1
Cmd: compileSnippet
  api=4 type=0 insize=3499 outsize=3971 kw=DIRECTIONAL SHADOWS_OFF LIGHTMAP_OFF DIRLIGHTMAP_OFF DYNAMICLIGHTMAP_OFF ok=1
Cmd: compileSnippet
  api=4 type=1 insize=3499 outsize=4069 kw=DIRECTIONAL SHADOWS_OFF LIGHTMAP_OFF DIRLIGHTMAP_OFF DYNAMICLIGHTMAP_OFF ok=1
Cmd: compileSnippet
  api=4 type=0 insize=3425 outsize=3248 kw=POINT SHADOWS_OFF ok=1
Cmd: compileSnippet
  api=4 type=1 insize=3425 outsize=4410 kw=POINT SHADOWS_OFF ok=1
Cmd: preprocess
  insize=1530 outsize=894 ok=1
Cmd: compileSnippet
  api=4 type=0 insize=938 outsize=1209 kw= ok=1
Cmd: compileSnippet
  api=4 type=1 insize=938 outsize=770 kw= ok=1
Cmd: preprocess
  insize=6248 outsize=3909 ok=1
Cmd: compileSnippet
  api=4 type=0 insize=9569 outsize=5377 kw=DIRECTIONAL LIGHTMAP_OFF DIRLIGHTMAP_OFF DYNAMICLIGHTMAP_OFF ok=1
Cmd: compileSnippet
  api=4 type=1 insize=9569 outsize=4337 kw=DIRECTIONAL LIGHTMAP_OFF DIRLIGHTMAP_OFF DYNAMICLIGHTMAP_OFF ok=1
Cmd: compileSnippet
  api=4 type=0 insize=6760 outsize=4459 kw=POINT ok=1
Cmd: compileSnippet
  api=4 type=1 insize=6760 outsize=4841 kw=POINT ok=1
Cmd: compileSnippet
  api=4 type=0 insize=6176 outsize=5028 kw= ok=1
Cmd: compileSnippet
  api=4 type=1 insize=6176 outsize=2541 kw= ok=1
Cmd: compileSnippet
  api=4 type=0 insize=8353 outsize=4930 kw=DIRECTIONAL LIGHTMAP_OFF DIRLIGHTMAP_OFF DYNAMICLIGHTMAP_OFF ok=1
Cmd: compileSnippet
  api=4 type=1 insize=8353 outsize=3882 kw=DIRECTIONAL LIGHTMAP_OFF DIRLIGHTMAP_OFF DYNAMICLIGHTMAP_OFF ok=1
Cmd: compileSnippet
  api=4 type=0 insize=5631 outsize=4012 kw=POINT ok=1
Cmd: compileSnippet
  api=4 type=1 insize=5631 outsize=4353 kw=POINT ok=1
Cmd: compileSnippet
  api=4 type=0 insize=5047 outsize=4313 kw= ok=1
Cmd: compileSnippet
  api=4 type=1 insize=5047 outsize=1834 kw= ok=1
Cmd: compileSnippet
  api=4 type=0 insize=7369 outsize=3809 kw=DIRECTIONAL LIGHTMAP_OFF DIRLIGHTMAP_OFF DYNAMICLIGHTMAP_OFF ok=1
Cmd: compileSnippet
  api=4 type=1 insize=7369 outsize=1818 kw=DIRECTIONAL LIGHTMAP_OFF DIRLIGHTMAP_OFF DYNAMICLIGHTMAP_OFF ok=1
Cmd: compileSnippet
  api=4 type=0 insize=4139 outsize=2899 kw=POINT ok=1
Cmd: compileSnippet
  api=4 type=1 insize=4139 outsize=2452 kw=POINT ok=1
Cmd: compileSnippet
  api=4 type=0 insize=3486 outsize=2631 kw= ok=1
Cmd: compileSnippet
  api=4 type=1 insize=3486 outsize=1737 kw= ok=1
Cmd: preprocess
  insize=1624 outsize=947 ok=1
Cmd: compileSnippet
  api=4 type=0 insize=979 outsize=1209 kw= ok=1
Cmd: compileSnippet
  api=4 type=1 insize=979 outsize=770 kw= ok=1
Cmd: preprocess
  insize=2361 outsize=2710 ok=1
Cmd: compileSnippet
  api=4 type=0 insize=8060 outsize=4784 kw=DIRECTIONAL SHADOWS_OFF LIGHTMAP_OFF DIRLIGHTMAP_OFF DYNAMICLIGHTMAP_OFF ok=1
Cmd: compileSnippet
  api=4 type=1 insize=8060 outsize=3492 kw=DIRECTIONAL SHADOWS_OFF LIGHTMAP_OFF DIRLIGHTMAP_OFF DYNAMICLIGHTMAP_OFF ok=1
Cmd: compileSnippet
  api=4 type=0 insize=5363 outsize=3866 kw=POINT ok=1
Cmd: compileSnippet
  api=4 type=1 insize=5363 outsize=4044 kw=POINT ok=1
Cmd: compileSnippet
  api=4 type=0 insize=4664 outsize=4166 kw= ok=1
Cmd: compileSnippet
  api=4 type=1 insize=4664 outsize=1509 kw= ok=1
Cmd: compileSnippet
  api=4 type=0 insize=6915 outsize=3663 kw=DIRECTIONAL SHADOWS_OFF LIGHTMAP_OFF DIRLIGHTMAP_OFF DYNAMICLIGHTMAP_OFF ok=1
Cmd: compileSnippet
  api=4 type=1 insize=6915 outsize=1412 kw=DIRECTIONAL SHADOWS_OFF LIGHTMAP_OFF DIRLIGHTMAP_OFF DYNAMICLIGHTMAP_OFF ok=1
Cmd: compileSnippet
  api=4 type=0 insize=3752 outsize=2753 kw=POINT ok=1
Cmd: compileSnippet
  api=4 type=1 insize=3752 outsize=2046 kw=POINT ok=1
Cmd: compileSnippet
  api=4 type=0 insize=2910 outsize=2533 kw= ok=1
Cmd: compileSnippet
  api=4 type=1 insize=2910 outsize=697 kw= ok=1
Cmd: compileSnippet
  api=4 type=0 insize=6101 outsize=4077 kw=LIGHTMAP_OFF DIRLIGHTMAP_OFF DYNAMICLIGHTMAP_OFF HDR_LIGHT_PREPASS_OFF ok=1
Cmd: compileSnippet
  api=4 type=1 insize=6101 outsize=1461 kw=LIGHTMAP_OFF DIRLIGHTMAP_OFF DYNAMICLIGHTMAP_OFF HDR_LIGHT_PREPASS_OFF ok=1
Cmd: compileSnippet
  api=4 type=0 insize=6033 outsize=3801 kw=LIGHTMAP_OFF DIRLIGHTMAP_OFF DYNAMICLIGHTMAP_OFF HDR_LIGHT_PREPASS_OFF ok=1
Cmd: compileSnippet
  api=4 type=1 insize=6033 outsize=1745 kw=LIGHTMAP_OFF DIRLIGHTMAP_OFF DYNAMICLIGHTMAP_OFF HDR_LIGHT_PREPASS_OFF ok=1
Cmd: compileSnippet
  api=4 type=0 insize=3101 outsize=2484 kw= ok=1
Cmd: compileSnippet
  api=4 type=1 insize=3101 outsize=1412 kw= ok=1
Cmd: preprocess
  insize=1307 outsize=516 ok=1
Cmd: compileSnippet
  api=4 type=0 insize=1093 outsize=1209 kw= ok=1
Cmd: compileSnippet
  api=4 type=1 insize=1093 outsize=1379 kw= ok=1
Cmd: preprocess
  insize=2205 outsize=525 ok=1
Cmd: compileSnippet
  api=4 type=0 insize=1982 outsize=1713 kw= ok=1
Cmd: compileSnippet
  api=4 type=1 insize=1982 outsize=1932 kw= ok=1
Cmd: preprocess
  insize=1774 outsize=995 ok=1
Cmd: compileSnippet
  api=4 type=0 insize=1081 outsize=1290 kw= ok=1
Cmd: compileSnippet
  api=4 type=1 insize=1081 outsize=1006 kw= ok=1
Cmd: preprocess
  insize=2317 outsize=758 ok=1
Cmd: compileSnippet
  api=4 type=0 insize=1793 outsize=1006 kw= ok=1
Cmd: compileSnippet
  api=4 type=1 insize=1793 outsize=2631 kw= ok=1
Cmd: compileSnippet
  api=4 type=0 insize=1803 outsize=1006 kw= ok=1
Cmd: compileSnippet
  api=4 type=1 insize=1803 outsize=2728 kw= ok=1
Cmd: compileSnippet
  api=4 type=0 insize=541 outsize=3533 kw=SHADOWS_DEPTH ok=1
Cmd: compileSnippet
  api=4 type=1 insize=541 outsize=453 kw=SHADOWS_DEPTH ok=1
Cmd: compileSnippet
  api=4 type=0 insize=6810 outsize=3663 kw=DIRECTIONAL SHADOWS_OFF LIGHTMAP_OFF DIRLIGHTMAP_OFF DYNAMICLIGHTMAP_OFF ok=1
Cmd: compileSnippet
  api=4 type=1 insize=6810 outsize=1314 kw=DIRECTIONAL SHADOWS_OFF LIGHTMAP_OFF DIRLIGHTMAP_OFF DYNAMICLIGHTMAP_OFF ok=1
Cmd: compileSnippet
  api=4 type=0 insize=3647 outsize=2753 kw=DIRECTIONAL ok=1
Cmd: compileSnippet
  api=4 type=1 insize=3647 outsize=1168 kw=DIRECTIONAL ok=1
Cmd: compileSnippet
  api=4 type=0 insize=959 outsize=1087 kw= ok=1
Cmd: compileSnippet
  api=4 type=1 insize=959 outsize=616 kw= ok=1
Cmd: compileSnippet
  api=4 type=0 insize=4547 outsize=2793 kw=DIRECTIONAL SHADOWS_OFF ok=1
Cmd: compileSnippet
  api=4 type=1 insize=4547 outsize=3167 kw=DIRECTIONAL SHADOWS_OFF ok=1
Cmd: compileSnippet
  api=4 type=0 insize=1705 outsize=1290 kw=SOFTPARTICLES_OFF ok=1
Cmd: compileSnippet
  api=4 type=1 insize=1705 outsize=924 kw=SOFTPARTICLES_OFF ok=1
Cmd: compileSnippet
  api=4 type=0 insize=3920 outsize=2793 kw=DIRECTIONAL SHADOWS_OFF ok=1
Cmd: compileSnippet
  api=4 type=1 insize=3920 outsize=3793 kw=DIRECTIONAL SHADOWS_OFF ok=1
Cmd: compileSnippet
  api=4 type=0 insize=2635 outsize=1745 kw=DIRECTIONAL SHADOWS_OFF ok=1
Cmd: compileSnippet
  api=4 type=1 insize=2635 outsize=1916 kw=DIRECTIONAL SHADOWS_OFF ok=1
Cmd: compileSnippet
  api=4 type=0 insize=1333 outsize=1404 kw= ok=1
Cmd: compileSnippet
  api=4 type=1 insize=1333 outsize=1168 kw= ok=1
Cmd: compileSnippet
  api=4 type=0 insize=1329 outsize=1404 kw= ok=1
Cmd: compileSnippet
  api=4 type=1 insize=1329 outsize=1168 kw= ok=1
Cmd: compileSnippet
  api=4 type=0 insize=1329 outsize=1404 kw= ok=1
Cmd: compileSnippet
  api=4 type=1 insize=1329 outsize=1168 kw= ok=1
Cmd: compileSnippet
  api=4 type=0 insize=1333 outsize=1404 kw= ok=1
Cmd: compileSnippet
  api=4 type=1 insize=1333 outsize=1168 kw= ok=1
Cmd: compileSnippet
  api=4 type=0 insize=1321 outsize=1404 kw= ok=1
Cmd: compileSnippet
  api=4 type=1 insize=1321 outsize=1168 kw= ok=1
Cmd: compileSnippet
  api=4 type=0 insize=1331 outsize=1404 kw= ok=1
Cmd: compileSnippet
  api=4 type=1 insize=1331 outsize=1168 kw= ok=1
Cmd: compileSnippet
  api=4 type=0 insize=5342 outsize=3045 kw=DIRECTIONAL SHADOWS_OFF ok=1
Cmd: compileSnippet
  api=4 type=1 insize=5342 outsize=6458 kw=DIRECTIONAL SHADOWS_OFF ok=1
Cmd: compileSnippet
  api=4 type=0 insize=4058 outsize=2793 kw=DIRECTIONAL SHADOWS_OFF ok=1
Cmd: compileSnippet
  api=4 type=1 insize=4058 outsize=3955 kw=DIRECTIONAL SHADOWS_OFF ok=1
Cmd: compileSnippet
  api=4 type=0 insize=577 outsize=3533 kw=SHADOWS_DEPTH ok=1
Cmd: compileSnippet
  api=4 type=1 insize=577 outsize=453 kw=SHADOWS_DEPTH ok=1
Cmd: compileSnippet
  api=4 type=0 insize=7080 outsize=4784 kw=DIRECTIONAL SHADOWS_OFF LIGHTMAP_OFF DIRLIGHTMAP_OFF DYNAMICLIGHTMAP_OFF ok=1
Cmd: compileSnippet
  api=4 type=1 insize=7080 outsize=1989 kw=DIRECTIONAL SHADOWS_OFF LIGHTMAP_OFF DIRLIGHTMAP_OFF DYNAMICLIGHTMAP_OFF ok=1
Cmd: compileSnippet
  api=4 type=0 insize=4984 outsize=3459 kw=DIRECTIONAL SHADOWS_OFF ok=1
Cmd: compileSnippet
  api=4 type=1 insize=4984 outsize=4865 kw=DIRECTIONAL SHADOWS_OFF ok=1
Cmd: compileSnippet
  api=4 type=0 insize=1642 outsize=1290 kw=SOFTPARTICLES_OFF ok=1
Cmd: compileSnippet
  api=4 type=1 insize=1642 outsize=924 kw=SOFTPARTICLES_OFF ok=1
Cmd: compileSnippet
  api=4 type=0 insize=2637 outsize=1745 kw=DIRECTIONAL SHADOWS_OFF ok=1
Cmd: compileSnippet
  api=4 type=1 insize=2637 outsize=1916 kw=DIRECTIONAL SHADOWS_OFF ok=1
Cmd: compileSnippet
  api=4 type=0 insize=5174 outsize=2948 kw=DIRECTIONAL SHADOWS_OFF ok=1
Cmd: compileSnippet
  api=4 type=1 insize=5174 outsize=4402 kw=DIRECTIONAL SHADOWS_OFF ok=1
Cmd: compileSnippet
  api=4 type=0 insize=2811 outsize=1745 kw=DIRECTIONAL SHADOWS_OFF ok=1
Cmd: compileSnippet
  api=4 type=1 insize=2811 outsize=2184 kw=DIRECTIONAL SHADOWS_OFF ok=1
Cmd: compileSnippet
  api=4 type=0 insize=4760 outsize=2793 kw=DIRECTIONAL SHADOWS_OFF ok=1
Cmd: compileSnippet
  api=4 type=1 insize=4760 outsize=5499 kw=DIRECTIONAL SHADOWS_OFF ok=1
Cmd: compileSnippet
  api=4 type=0 insize=3978 outsize=2793 kw=DIRECTIONAL SHADOWS_OFF ok=1
Cmd: compileSnippet
  api=4 type=1 insize=3978 outsize=4126 kw=DIRECTIONAL SHADOWS_OFF ok=1
Cmd: compileSnippet
  api=4 type=0 insize=2675 outsize=1745 kw=DIRECTIONAL SHADOWS_OFF ok=1
Cmd: compileSnippet
  api=4 type=1 insize=2675 outsize=2054 kw=DIRECTIONAL SHADOWS_OFF ok=1
Cmd: compileSnippet
  api=4 type=0 insize=7075 outsize=3752 kw=DIRECTIONAL SHADOWS_OFF LIGHTMAP_OFF DIRLIGHTMAP_OFF DYNAMICLIGHTMAP_OFF ok=1
Cmd: compileSnippet
  api=4 type=1 insize=7075 outsize=1518 kw=DIRECTIONAL SHADOWS_OFF LIGHTMAP_OFF DIRLIGHTMAP_OFF DYNAMICLIGHTMAP_OFF ok=1
Cmd: compileSnippet
  api=4 type=0 insize=3755 outsize=2753 kw=DIRECTIONAL ok=1
Cmd: compileSnippet
  api=4 type=1 insize=3755 outsize=1168 kw=DIRECTIONAL ok=1
Cmd: compileSnippet
  api=4 type=0 insize=5363 outsize=3866 kw=DIRECTIONAL ok=1
Cmd: compileSnippet
  api=4 type=1 insize=5363 outsize=3297 kw=DIRECTIONAL ok=1
Cmd: compileSnippet
  api=4 type=0 insize=990 outsize=1087 kw= ok=1
Cmd: compileSnippet
  api=4 type=1 insize=990 outsize=713 kw= ok=1
Cmd: compileSnippet
  api=4 type=0 insize=5258 outsize=3866 kw=DIRECTIONAL ok=1
Cmd: compileSnippet
  api=4 type=1 insize=5258 outsize=3069 kw=DIRECTIONAL ok=1
Cmd: compileSnippet
  api=4 type=0 insize=1106 outsize=1290 kw= ok=1
Cmd: compileSnippet
  api=4 type=1 insize=1106 outsize=1006 kw= ok=1
Cmd: compileSnippet
  api=4 type=0 insize=1109 outsize=1290 kw= ok=1
Cmd: compileSnippet
  api=4 type=1 insize=1109 outsize=1014 kw= ok=1
Cmd: compileSnippet
  api=4 type=0 insize=3425 outsize=2793 kw=DIRECTIONAL SHADOWS_OFF ok=1
Cmd: compileSnippet
  api=4 type=1 insize=3425 outsize=4093 kw=DIRECTIONAL SHADOWS_OFF ok=1
Cmd: compileSnippet
  api=4 type=0 insize=5280 outsize=3752 kw=DIRECTIONAL SHADOWS_OFF ok=1
Cmd: compileSnippet
  api=4 type=1 insize=5280 outsize=4768 kw=DIRECTIONAL SHADOWS_OFF ok=1
Cmd: compileSnippet
  api=4 type=0 insize=8524 outsize=1128 kw=DIRECTIONAL SHADOWS_OFF ok=1
Cmd: compileSnippet
  api=4 type=1 insize=8524 outsize=5344 kw=DIRECTIONAL SHADOWS_OFF ok=1
Cmd: compileSnippet
  error: 1 plat 4 at (270): Output value 'hullconst' is not completely initialized\nCompiling Hull program with DIRECTIONAL SHADOWS_OFF
  api=4 type=2 insize=8524 outsize=2419 kw=DIRECTIONAL SHADOWS_OFF ok=1
Cmd: compileSnippet
  api=4 type=3 insize=8524 outsize=5986 kw=DIRECTIONAL SHADOWS_OFF ok=1
Cmd: compileSnippet
  api=4 type=0 insize=6760 outsize=4459 kw=DIRECTIONAL ok=1
Cmd: compileSnippet
  api=4 type=1 insize=6760 outsize=4093 kw=DIRECTIONAL ok=1
Cmd: compileSnippet
  api=4 type=0 insize=751 outsize=3533 kw=SHADOWS_DEPTH ok=1
Cmd: compileSnippet
  api=4 type=1 insize=751 outsize=380 kw=SHADOWS_DEPTH ok=1
Cmd: compileSnippet
  api=4 type=0 insize=982 outsize=3979 kw=DIRECTIONAL SHADOWS_OFF LIGHTMAP_OFF DIRLIGHTMAP_OFF DYNAMICLIGHTMAP_OFF ok=1
Cmd: compileSnippet
  api=4 type=1 insize=982 outsize=10561 kw=DIRECTIONAL SHADOWS_OFF LIGHTMAP_OFF DIRLIGHTMAP_OFF DYNAMICLIGHTMAP_OFF ok=1
Cmd: compileSnippet
  api=4 type=0 insize=938 outsize=4036 kw=DIRECTIONAL SHADOWS_OFF ok=1
Cmd: compileSnippet
  api=4 type=1 insize=938 outsize=5515 kw=DIRECTIONAL SHADOWS_OFF ok=1
Cmd: compileSnippet
  api=4 type=0 insize=9591 outsize=10358 kw=UNITY_COLORSPACE_GAMMA ok=1
Cmd: compileSnippet
  api=4 type=1 insize=9591 outsize=2639 kw=UNITY_COLORSPACE_GAMMA ok=1
Cmd: compileSnippet
  api=4 type=0 insize=1275 outsize=1956 kw=DIRECTIONAL SHADOWS_OFF ok=1
Cmd: compileSnippet
  api=4 type=1 insize=1275 outsize=3955 kw=DIRECTIONAL SHADOWS_OFF ok=1
